android/app/build/intermediates/manifest_merge_blame_file/debug/manifest-merger-blame-debug-report.txt
1<?xml version="1.0" encoding="utf-8"?>
2<manifest xmlns:android="http://schemas.android.com/apk/res/android"
3    package="com.sampleproject"
4    android:versionCode="1"
5    android:versionName="1.0" >
6
7    <uses-sdk
8        android:minSdkVersion="19"
9        android:targetSdkVersion="29" />
10
11    <uses-permission android:name="android.permission.SYSTEM_ALERT_WINDOW" />
11-->src\debug\AndroidManifest.xml:5:5-77
11-->src\debug\AndroidManifest.xml:5:22-75
12    <uses-permission android:name="android.permission.INTERNET" /> <!-- Required by older versions of Google Play services to create GCM registration tokens -->
12-->src\main\AndroidManifest.xml:4:5-67
12-->src\main\AndroidManifest.xml:4:22-64
13    <uses-permission android:name="com.google.android.c2dm.permission.RECEIVE" />
13-->[com.google.android.gms:play-services-gcm:12.0.1] AndroidManifest.xml:23:5-82
13-->[com.google.android.gms:play-services-gcm:12.0.1] AndroidManifest.xml:23:22-79
14    <uses-permission android:name="com.google.android.finsky.permission.BIND_GET_INSTALL_REFERRER_SERVICE" />
14-->[com.android.installreferrer:installreferrer:1.1.2] AndroidManifest.xml:9:5-110
14-->[com.android.installreferrer:installreferrer:1.1.2] AndroidManifest.xml:9:22-107
15
16    <application
16-->src\main\AndroidManifest.xml:6:5-24:19
17        android:name="com.sampleproject.MainApplication"
17-->src\main\AndroidManifest.xml:7:7-38
18        android:allowBackup="false"
18-->src\main\AndroidManifest.xml:11:7-34
19        android:appComponentFactory="androidx.core.app.CoreComponentFactory"
19-->[androidx.core:core:1.3.1] AndroidManifest.xml:24:18-86
20        android:debuggable="true"
21        android:icon="@mipmap/ic_launcher"
21-->src\main\AndroidManifest.xml:9:7-41
22        android:label="@string/app_name"
22-->src\main\AndroidManifest.xml:8:7-39
23        android:roundIcon="@mipmap/ic_launcher_round"
23-->src\main\AndroidManifest.xml:10:7-52
24        android:theme="@style/AppTheme"
24-->src\main\AndroidManifest.xml:12:7-38
25        android:usesCleartextTraffic="true" >
25-->src\debug\AndroidManifest.xml:7:18-53
26        <activity
26-->src\main\AndroidManifest.xml:13:7-22:18
27            android:name="com.sampleproject.MainActivity"
27-->src\main\AndroidManifest.xml:14:9-37
28            android:configChanges="keyboard|keyboardHidden|orientation|screenSize"
28-->src\main\AndroidManifest.xml:16:9-79
29            android:label="@string/app_name"
29-->src\main\AndroidManifest.xml:15:9-41
30            android:windowSoftInputMode="adjustResize" >
30-->src\main\AndroidManifest.xml:17:9-51
31            <intent-filter>
31-->src\main\AndroidManifest.xml:18:9-21:25
32                <action android:name="android.intent.action.MAIN" />
32-->src\main\AndroidManifest.xml:19:13-65
32-->src\main\AndroidManifest.xml:19:21-62
33
34                <category android:name="android.intent.category.LAUNCHER" />
34-->src\main\AndroidManifest.xml:20:13-73
34-->src\main\AndroidManifest.xml:20:23-70
35            </intent-filter>
36        </activity>
37        <activity android:name="com.facebook.react.devsupport.DevSettingsActivity" />
37-->src\main\AndroidManifest.xml:23:7-84
37-->src\main\AndroidManifest.xml:23:17-81
38        <activity
38-->[:react-native-razorpay] AndroidManifest.xml:12:9-14:86
39            android:name="com.razorpay.CheckoutActivity"
39-->[:react-native-razorpay] AndroidManifest.xml:13:13-57
40            android:configChanges="keyboard|keyboardHidden|orientation|screenSize"
40-->[:react-native-razorpay] AndroidManifest.xml:14:13-83
41            android:theme="@style/CheckoutTheme" >
41-->[com.razorpay:checkout:1.6.4] AndroidManifest.xml:21:13-49
42            <intent-filter>
42-->[com.razorpay:checkout:1.6.4] AndroidManifest.xml:22:13-28:29
43                <action android:name="android.intent.action.MAIN" />
43-->src\main\AndroidManifest.xml:19:13-65
43-->src\main\AndroidManifest.xml:19:21-62
44
45                <data
45-->[com.razorpay:checkout:1.6.4] AndroidManifest.xml:25:17-27:47
46                    android:host="rzp.io"
46-->[com.razorpay:checkout:1.6.4] AndroidManifest.xml:26:21-42
47                    android:scheme="io.rzp" />
47-->[com.razorpay:checkout:1.6.4] AndroidManifest.xml:27:21-44
48            </intent-filter>
49        </activity>
50
51        <service
51-->[:react-native-send-intent] AndroidManifest.xml:12:9-14:39
52            android:name="com.burnweb.rnsendintent.RNSendIntentModule"
52-->[:react-native-send-intent] AndroidManifest.xml:13:13-71
53            android:exported="true" />
53-->[:react-native-send-intent] AndroidManifest.xml:14:13-36
54
55        <provider
55-->[:react-native-send-intent] AndroidManifest.xml:16:9-24:20
56            android:name="com.burnweb.rnsendintent.FileProvider"
56-->[:react-native-send-intent] AndroidManifest.xml:17:13-65
57            android:authorities="com.sampleproject.fileprovider"
57-->[:react-native-send-intent] AndroidManifest.xml:18:13-64
58            android:exported="false"
58-->[:react-native-send-intent] AndroidManifest.xml:19:13-37
59            android:grantUriPermissions="true" >
59-->[:react-native-send-intent] AndroidManifest.xml:20:13-47
60            <meta-data
60-->[:react-native-send-intent] AndroidManifest.xml:21:13-23:54
61                android:name="android.support.FILE_PROVIDER_PATHS"
61-->[:react-native-send-intent] AndroidManifest.xml:22:17-67
62                android:resource="@xml/file_paths" />
62-->[:react-native-send-intent] AndroidManifest.xml:23:17-51
63        </provider>
64        <provider
64-->[:react-native-webview] AndroidManifest.xml:12:9-20:20
65            android:name="com.reactnativecommunity.webview.RNCWebViewFileProvider"
65-->[:react-native-webview] AndroidManifest.xml:13:13-83
66            android:authorities="com.sampleproject.fileprovider"
66-->[:react-native-webview] AndroidManifest.xml:14:13-64
67            android:exported="false"
67-->[:react-native-webview] AndroidManifest.xml:15:13-37
68            android:grantUriPermissions="true" >
68-->[:react-native-webview] AndroidManifest.xml:16:13-47
69            <meta-data
69-->[:react-native-send-intent] AndroidManifest.xml:21:13-23:54
70                android:name="android.support.FILE_PROVIDER_PATHS"
70-->[:react-native-send-intent] AndroidManifest.xml:22:17-67
71                android:resource="@xml/file_provider_paths" />
71-->[:react-native-send-intent] AndroidManifest.xml:23:17-51
72        </provider>
73
74        <receiver
74-->[:react-native-device-info] AndroidManifest.xml:13:9-21:20
75            android:name="com.learnium.RNDeviceInfo.RNDeviceReceiver"
75-->[:react-native-device-info] AndroidManifest.xml:14:13-70
76            android:enabled="true"
76-->[:react-native-device-info] AndroidManifest.xml:15:13-35
77            android:exported="true" >
77-->[:react-native-device-info] AndroidManifest.xml:16:13-36
78            <intent-filter>
78-->[:react-native-device-info] AndroidManifest.xml:18:13-20:29
79                <action android:name="com.android.vending.INSTALL_REFERRER" />
79-->[:react-native-device-info] AndroidManifest.xml:19:17-79
79-->[:react-native-device-info] AndroidManifest.xml:19:25-76
80            </intent-filter>
81        </receiver>
82
83        <activity android:name="com.proyecto26.inappbrowser.ChromeTabsManagerActivity" >
83-->[:react-native-inappbrowser-reborn] AndroidManifest.xml:14:9-15:20
83-->[:react-native-inappbrowser-reborn] AndroidManifest.xml:14:19-87
84        </activity>
85
86        <receiver android:name="com.razorpay.RzpTokenReceiver" >
86-->[com.razorpay:checkout:1.6.4] AndroidManifest.xml:12:9-16:20
86-->[com.razorpay:checkout:1.6.4] AndroidManifest.xml:12:19-63
87            <intent-filter>
87-->[com.razorpay:checkout:1.6.4] AndroidManifest.xml:13:13-15:29
88                <action android:name="rzp.device_token.share" />
88-->[com.razorpay:checkout:1.6.4] AndroidManifest.xml:14:17-65
88-->[com.razorpay:checkout:1.6.4] AndroidManifest.xml:14:25-62
89            </intent-filter>
90        </receiver>
91
92        <activity
92-->[com.google.android.gms:play-services-auth:12.0.1] AndroidManifest.xml:23:9-27:75
93            android:name="com.google.android.gms.auth.api.signin.internal.SignInHubActivity"
93-->[com.google.android.gms:play-services-auth:12.0.1] AndroidManifest.xml:24:13-93
94            android:excludeFromRecents="true"
94-->[com.google.android.gms:play-services-auth:12.0.1] AndroidManifest.xml:25:13-46
95            android:exported="false"
95-->[com.google.android.gms:play-services-auth:12.0.1] AndroidManifest.xml:26:13-37
96            android:theme="@android:style/Theme.Translucent.NoTitleBar" />
96-->[com.google.android.gms:play-services-auth:12.0.1] AndroidManifest.xml:27:13-72
97        <!--
98            Service handling Google Sign-In user revocation. For apps that do not integrate with
99            Google Sign-In, this service will never be started.
100        -->
101        <service
101-->[com.google.android.gms:play-services-auth:12.0.1] AndroidManifest.xml:33:9-36:110
102            android:name="com.google.android.gms.auth.api.signin.RevocationBoundService"
102-->[com.google.android.gms:play-services-auth:12.0.1] AndroidManifest.xml:34:13-89
103            android:exported="true"
103-->[com.google.android.gms:play-services-auth:12.0.1] AndroidManifest.xml:35:13-36
104            android:permission="com.google.android.gms.auth.api.signin.permission.REVOCATION_NOTIFICATION" />
104-->[com.google.android.gms:play-services-auth:12.0.1] AndroidManifest.xml:36:13-107
105
106        <activity
106-->[com.google.android.gms:play-services-base:12.0.1] AndroidManifest.xml:23:9-26:75
107            android:name="com.google.android.gms.common.api.GoogleApiActivity"
107-->[com.google.android.gms:play-services-base:12.0.1] AndroidManifest.xml:24:13-79
108            android:exported="false"
108-->[com.google.android.gms:play-services-base:12.0.1] AndroidManifest.xml:25:13-37
109            android:theme="@android:style/Theme.Translucent.NoTitleBar" />
109-->[com.google.android.gms:play-services-base:12.0.1] AndroidManifest.xml:26:13-72
110        <activity
110-->[net.openid:appauth:0.7.1] AndroidManifest.xml:27:9-31:75
111            android:name="net.openid.appauth.AuthorizationManagementActivity"
111-->[net.openid:appauth:0.7.1] AndroidManifest.xml:28:13-78
112            android:exported="false"
112-->[net.openid:appauth:0.7.1] AndroidManifest.xml:29:13-37
113            android:launchMode="singleTask"
113-->[net.openid:appauth:0.7.1] AndroidManifest.xml:30:13-44
114            android:theme="@android:style/Theme.Translucent.NoTitleBar" />
114-->[net.openid:appauth:0.7.1] AndroidManifest.xml:31:13-72
115        <activity
115-->[net.openid:appauth:0.7.1] AndroidManifest.xml:32:9-43:20
116            android:name="net.openid.appauth.RedirectUriReceiverActivity"
116-->[net.openid:appauth:0.7.1] AndroidManifest.xml:33:13-74
117            android:exported="true" >
117-->[net.openid:appauth:0.7.1] AndroidManifest.xml:34:13-36
118            <intent-filter>
118-->[net.openid:appauth:0.7.1] AndroidManifest.xml:35:13-42:29
119                <action android:name="android.intent.action.VIEW" />
119-->[net.openid:appauth:0.7.1] AndroidManifest.xml:36:17-69
119-->[net.openid:appauth:0.7.1] AndroidManifest.xml:36:25-66
120
121                <category android:name="android.intent.category.DEFAULT" />
121-->[net.openid:appauth:0.7.1] AndroidManifest.xml:38:17-76
121-->[net.openid:appauth:0.7.1] AndroidManifest.xml:38:27-73
122                <category android:name="android.intent.category.BROWSABLE" />
122-->[net.openid:appauth:0.7.1] AndroidManifest.xml:39:17-78
122-->[net.openid:appauth:0.7.1] AndroidManifest.xml:39:27-75
123
124                <data android:scheme="auth" />
124-->[com.razorpay:checkout:1.6.4] AndroidManifest.xml:25:17-27:47
124-->[com.razorpay:checkout:1.6.4] AndroidManifest.xml:27:21-44
125            </intent-filter>
126        </activity>
127
128        <meta-data
128-->[com.google.android.gms:play-services-basement:12.0.1] AndroidManifest.xml:23:9-25:69
129            android:name="com.google.android.gms.version"
129-->[com.google.android.gms:play-services-basement:12.0.1] AndroidManifest.xml:24:13-58
130            android:value="@integer/google_play_services_version" />
130-->[com.google.android.gms:play-services-basement:12.0.1] AndroidManifest.xml:25:13-66
131
132        <provider
132-->[androidx.lifecycle:lifecycle-process:2.2.0] AndroidManifest.xml:25:9-29:43
133            android:name="androidx.lifecycle.ProcessLifecycleOwnerInitializer"
133-->[androidx.lifecycle:lifecycle-process:2.2.0] AndroidManifest.xml:26:13-79
134            android:authorities="com.sampleproject.lifecycle-process"
134-->[androidx.lifecycle:lifecycle-process:2.2.0] AndroidManifest.xml:27:13-69
135            android:exported="false"
135-->[androidx.lifecycle:lifecycle-process:2.2.0] AndroidManifest.xml:28:13-37
136            android:multiprocess="true" />
136-->[androidx.lifecycle:lifecycle-process:2.2.0] AndroidManifest.xml:29:13-40
137    </application>
138
139</manifest>